<?xml version="1.0" encoding="UTF-8"?>
<!-- Generated by org.testng.reporters.JUnitXMLReporter -->
<testsuite ignored="0" hostname="WKSBAN36ARYTR18" failures="0" tests="3" name="CookiesTests" time="29.255" errors="0" timestamp="2026-02-19T12:16:26 IST">
  <testcase classname="demo.CookiesDemoTest" name="createAndVerifyCookie_withPathAndSecurityFlags" time="1.141"/>
  <testcase classname="demo.CookiesDemoTest" name="createCookie_withSpecificPath_andDemonstrateScope" time="1.572"/>
  <testcase classname="demo.CookiesDemoTest" name="createUpdateDeleteCookie_visibleToJS_withPath" time="1.174"/>
</testsuite> <!-- CookiesTests -->
