<?xml version="1.0" encoding="UTF-8"?>
<testng-results ignored="0" total="1" passed="1" failed="0" skipped="0">
  <reporter-output>
  </reporter-output>
  <suite started-at="2026-02-19T12:45:27 IST" name="Default suite" finished-at="2026-02-19T12:45:35 IST" duration-ms="7777">
    <groups>
    </groups>
    <test started-at="2026-02-19T12:45:27 IST" name="Default test" finished-at="2026-02-19T12:45:35 IST" duration-ms="7777">
      <class name="demo.DesiredCapabilities_ChromeOptions">
        <test-method signature="localcapabilities_modernOptions_demo()[pri:0, instance:demo.DesiredCapabilities_ChromeOptions@4135c3b]" started-at="2026-02-19T12:45:27 IST" name="localcapabilities_modernOptions_demo" finished-at="2026-02-19T12:45:35 IST" duration-ms="7729" status="PASS">
          <reporter-output>
          </reporter-output>
        </test-method> <!-- localcapabilities_modernOptions_demo -->
      </class> <!-- demo.DesiredCapabilities_ChromeOptions -->
    </test> <!-- Default test -->
  </suite> <!-- Default suite -->
</testng-results>
