<?xml version="1.0" encoding="UTF-8"?>
<!-- Generated by org.testng.reporters.JUnitReportReporter -->
<testsuite hostname="WKSBAN36ARYTR18" failures="0" tests="3" name="demo.CookiesDemoTest" time="29.214" errors="0" timestamp="2026-02-19T12:16:26 IST" skipped="0">
  <testcase classname="demo.CookiesDemoTest" name="createUpdateDeleteCookie_visibleToJS_withPath" time="9.660"/>
  <testcase classname="demo.CookiesDemoTest" name="createCookie_withSpecificPath_andDemonstrateScope" time="9.992"/>
  <testcase classname="demo.CookiesDemoTest" name="createAndVerifyCookie_withPathAndSecurityFlags" time="9.562"/>
</testsuite> <!-- demo.CookiesDemoTest -->
